#0 building with "desktop-linux" instance using docker driver

#1 [internal] load build definition from Dockerfile.backend
#1 transferring dockerfile: 1.06kB done
#1 DONE 0.0s

#2 [internal] load metadata for docker.io/library/node:18-slim
#2 DONE 1.1s

#3 [internal] load .dockerignore
#3 transferring context: 380B done
#3 DONE 0.0s

#4 [builder 1/7] FROM docker.io/library/node:18-slim@sha256:f9ab18e354e6855ae56ef2b290dd225c1e51a564f87584b9bd21dd651838830e
#4 DONE 0.0s

#5 [builder 2/7] WORKDIR /app
#5 CACHED

#6 [internal] load build context
#6 transferring context: 19.64kB 0.0s done
#6 DONE 0.0s

#7 [builder 3/7] COPY backend/package*.json ./
#7 DONE 0.0s

#8 [builder 4/7] COPY backend/tsconfig*.json ./
#8 DONE 0.0s

#9 [builder 5/7] RUN npm install --legacy-peer-deps
#9 ...

#10 [stage-1 4/6] RUN npm install --omit=dev --legacy-peer-deps
#10 20.59 npm warn deprecated gauge@3.0.2: This package is no longer supported.
#10 20.61 npm warn deprecated are-we-there-yet@2.0.0: This package is no longer supported.
#10 21.21 npm warn deprecated glob@7.2.3: Glob versions prior to v9 are no longer supported
#10 21.27 npm warn deprecated inflight@1.0.6: This module is not supported, and leaks memory. Do not use it. Check out lru-cache if you want a good and tested way to coalesce async requests by a key value, which is much more comprehensive and powerful.
#10 23.32 npm warn deprecated npmlog@5.0.1: This package is no longer supported.
#10 ...

#9 [builder 5/7] RUN npm install --legacy-peer-deps
#9 23.66 npm warn deprecated are-we-there-yet@2.0.0: This package is no longer supported.
#9 23.87 npm warn deprecated gauge@3.0.2: This package is no longer supported.
#9 27.94 npm warn deprecated inflight@1.0.6: This module is not supported, and leaks memory. Do not use it. Check out lru-cache if you want a good and tested way to coalesce async requests by a key value, which is much more comprehensive and powerful.
#9 30.84 npm warn deprecated glob@7.2.3: Glob versions prior to v9 are no longer supported
#9 ...

#10 [stage-1 4/6] RUN npm install --omit=dev --legacy-peer-deps
#10 23.69 npm warn deprecated rimraf@2.7.1: Rimraf versions prior to v4 are no longer supported
#10 33.60 npm warn deprecated rimraf@3.0.2: Rimraf versions prior to v4 are no longer supported
#10 ...

#9 [builder 5/7] RUN npm install --legacy-peer-deps
#9 33.92 npm warn deprecated npmlog@5.0.1: This package is no longer supported.
#9 34.06 npm warn deprecated rimraf@2.7.1: Rimraf versions prior to v4 are no longer supported
#9 39.17 npm warn deprecated @types/winston@2.4.4: This is a stub types definition. winston provides its own type definitions, so you do not need this installed.
#9 44.20 npm warn deprecated rimraf@3.0.2: Rimraf versions prior to v4 are no longer supported
#9 ...

#10 [stage-1 4/6] RUN npm install --omit=dev --legacy-peer-deps
#10 103.5 
#10 103.5 > @asteris/backend@1.0.0 postinstall
#10 103.5 > npm rebuild @tensorflow/tfjs-node --build-from-source=false
#10 103.5 
#10 ...

#9 [builder 5/7] RUN npm install --legacy-peer-deps
#9 123.3 
#9 123.3 > @asteris/backend@1.0.0 postinstall
#9 123.3 > npm rebuild @tensorflow/tfjs-node --build-from-source=false
#9 123.3 
#9 ...

#10 [stage-1 4/6] RUN npm install --omit=dev --legacy-peer-deps
#10 130.7 rebuilt dependencies successfully
#10 130.7 
#10 130.7 added 315 packages, and audited 316 packages in 2m
#10 130.7 
#10 130.7 47 packages are looking for funding
#10 130.7   run `npm fund` for details
#10 130.7 
#10 130.7 found 0 vulnerabilities
#10 130.7 npm notice
#10 130.7 npm notice New major version of npm available! 10.8.2 -> 11.4.2
#10 130.7 npm notice Changelog: https://github.com/npm/cli/releases/tag/v11.4.2
#10 130.7 npm notice To update run: npm install -g npm@11.4.2
#10 130.7 npm notice
#10 DONE 130.9s

#9 [builder 5/7] RUN npm install --legacy-peer-deps
#9 149.0 rebuilt dependencies successfully
#9 149.0 
#9 149.0 added 606 packages, and audited 607 packages in 2m
#9 149.0 
#9 149.0 79 packages are looking for funding
#9 149.0   run `npm fund` for details
#9 149.0 
#9 149.0 3 high severity vulnerabilities
#9 149.0 
#9 149.0 To address all issues (including breaking changes), run:
#9 149.0   npm audit fix --force
#9 149.0 
#9 149.0 Run `npm audit` for details.
#9 149.0 npm notice
#9 149.0 npm notice New major version of npm available! 10.8.2 -> 11.4.2
#9 149.0 npm notice Changelog: https://github.com/npm/cli/releases/tag/v11.4.2
#9 149.0 npm notice To update run: npm install -g npm@11.4.2
#9 149.0 npm notice
#9 DONE 149.2s

#11 [builder 6/7] COPY backend/ .
#11 DONE 0.0s

#12 [builder 7/7] RUN npm run build
#12 0.173 
#12 0.173 > @asteris/backend@1.0.0 build
#12 0.173 > tsc
#12 0.173 
#12 DONE 2.5s

#13 [stage-1 5/6] COPY --from=builder /app/dist ./dist
#13 DONE 0.1s

#14 [stage-1 6/6] RUN useradd -m appuser &&     chown -R appuser:appuser /app
#14 DONE 10.0s

#15 exporting to image
#15 exporting layers
#15 exporting layers 2.5s done
#15 writing image sha256:96d67434c86d3214275977d19ad921b1bbb35ce62e6539bc1238005739aa4b57
#15 writing image sha256:96d67434c86d3214275977d19ad921b1bbb35ce62e6539bc1238005739aa4b57 done
#15 naming to docker.io/library/asterisai-backend done
#15 DONE 2.5s

View build details: docker-desktop://dashboard/build/desktop-linux/desktop-linux/zpblley4w0htkza5xrn4qy1aa
