{"level":"info","message":"Initializing SQLite database...","service":"invoice-reconciliation","timestamp":"2025-06-07 09:59:45"}
{"level":"info","message":"Initializing SQLite database...","service":"invoice-reconciliation","timestamp":"2025-06-07 10:00:40"}
{"level":"info","message":"Initializing SQLite database...","service":"invoice-reconciliation","timestamp":"2025-06-07 10:01:06"}
{"level":"info","message":"SQLite database initialized in memory","service":"invoice-reconciliation","timestamp":"2025-06-07 10:01:06"}
{"level":"info","message":"Creating test data...","service":"invoice-reconciliation","timestamp":"2025-06-07 10:01:06"}
{"level":"info","message":"Found 5 invoices for reconciliation","service":"invoice-reconciliation","timestamp":"2025-06-07 10:01:06"}
{"level":"info","message":"Found 3 unmatched payouts for reconciliation","service":"invoice-reconciliation","timestamp":"2025-06-07 10:01:06"}
{"customerName":"all","endDate":"2023-12-31","level":"info","message":"Starting invoice reconciliation","service":"invoice-reconciliation","startDate":"2023-01-01","status":"all","timestamp":"2025-06-07 05:11:50"}
{"level":"info","message":"Fetching invoices from API: /api/v1/invoices?startDate=2023-01-01&endDate=2023-12-31","service":"invoice-reconciliation","timestamp":"2025-06-07 05:11:50"}
{"level":"debug","message":"API Request: GET /api/v1/invoices?startDate=2023-01-01&endDate=2023-12-31","method":"get","service":"invoice-reconciliation","timestamp":"2025-06-07 05:11:50","url":"/api/v1/invoices?startDate=2023-01-01&endDate=2023-12-31"}
{"level":"error","message":"getaddrinfo ENOTFOUND api.example.com","method":"get","service":"invoice-reconciliation","timestamp":"2025-06-07 05:11:50","url":"/api/v1/invoices?startDate=2023-01-01&endDate=2023-12-31"}
{"cause":{"code":"ENOTFOUND","errno":-3008,"hostname":"api.example.com","syscall":"getaddrinfo"},"code":"ENOTFOUND","config":{"adapter":["xhr","http","fetch"],"allowAbsoluteUrls":true,"baseURL":"https://api.example.com/","env":{},"headers":{"Accept":"application/json, text/plain, */*","Accept-Encoding":"gzip, compress, deflate, br","Content-Type":"application/json","User-Agent":"axios/1.9.0"},"maxBodyLength":-1,"maxContentLength":-1,"method":"get","timeout":30000,"transformRequest":[null],"transformResponse":[null],"transitional":{"clarifyTimeoutError":false,"forcedJSONParsing":true,"silentJSONParsing":true},"url":"/api/v1/invoices?startDate=2023-01-01&endDate=2023-12-31","xsrfCookieName":"XSRF-TOKEN","xsrfHeaderName":"X-XSRF-TOKEN"},"errno":-3008,"hostname":"api.example.com","level":"error","message":"getaddrinfo ENOTFOUND api.example.com","name":"Error","request":{"_currentRequest":{"_closed":false,"_contentLength":0,"_defaultKeepAlive":true,"_ended":false,"_events":{},"_eventsCount":7,"_hasBody":true,"_header":"GET /api/v1/invoices?startDate=2023-01-01&endDate=2023-12-31 HTTP/1.1\r\nAccept: application/json, text/plain, */*\r\nContent-Type: application/json\r\nUser-Agent: axios/1.9.0\r\nAccept-Encoding: gzip, compress, deflate, br\r\nHost: api.example.com\r\nConnection: keep-alive\r\n\r\n","_headerSent":true,"_keepAliveTimeout":0,"_last":true,"_redirectable":"[Circular]","_removedConnection":false,"_removedContLen":false,"_removedTE":false,"_trailer":"","aborted":false,"agent":{"_events":{},"_eventsCount":2,"_sessionCache":{"list":[],"map":{}},"defaultPort":443,"freeSockets":{},"keepAlive":true,"keepAliveMsecs":1000,"maxCachedSessions":100,"maxFreeSockets":256,"maxSockets":null,"maxTotalSockets":null,"options":{"keepAlive":true,"noDelay":true,"path":null,"scheduling":"lifo","timeout":5000},"protocol":"https:","requests":{},"scheduling":"lifo","sockets":{"api.example.com:443:::::::::::::::::::::":[{"_SNICallback":null,"_closeAfterHandlingError":false,"_controlReleased":true,"_events":{"close":[null,null,null,null,null],"connect":[null,null,null],"end":[null,null],"timeout":[null,null,null]},"_eventsCount":11,"_hadError":true,"_host":"api.example.com","_httpMessage":"[Circular]","_newSessionPending":false,"_parent":null,"_pendingData":"GET /api/v1/invoices?startDate=2023-01-01&endDate=2023-12-31 HTTP/1.1\r\nAccept: application/json, text/plain, */*\r\nContent-Type: application/json\r\nUser-Agent: axios/1.9.0\r\nAccept-Encoding: gzip, compress, deflate, br\r\nHost: api.example.com\r\nConnection: keep-alive\r\n\r\n","_pendingEncoding":"latin1","_readableState":{"awaitDrainWriters":null,"buffer":[],"bufferIndex":0,"highWaterMark":65536,"length":0,"pipes":[]},"_rejectUnauthorized":true,"_requestCert":true,"_secureEstablished":false,"_securePending":false,"_server":null,"_sockname":null,"_tlsOptions":{"isServer":false,"pipe":false,"rejectUnauthorized":true,"requestCert":true,"secureContext":{"context":{}}},"_writableState":{"bufferedIndex":0,"corked":0,"highWaterMark":65536,"length":266,"pendingcb":1,"writelen":266},"allowHalfOpen":false,"alpnProtocol":null,"authorizationError":null,"authorized":false,"connecting":false,"encrypted":true,"parser":null,"secureConnecting":true,"servername":null,"ssl":null,"timeout":30000}]},"totalSocketCount":1},"chunkedEncoding":false,"destroyed":false,"finished":true,"host":"api.example.com","maxHeadersCount":null,"maxRequestsOnConnectionReached":false,"method":"GET","outputData":[],"outputSize":0,"parser":null,"path":"/api/v1/invoices?startDate=2023-01-01&endDate=2023-12-31","protocol":"https:","res":null,"reusedSocket":false,"sendDate":false,"shouldKeepAlive":true,"strictContentLength":false,"upgradeOrConnect":false,"useChunkedEncodingByDefault":false,"writable":true},"_currentUrl":"https://api.example.com/api/v1/invoices?startDate=2023-01-01&endDate=2023-12-31","_ended":true,"_ending":true,"_events":{"socket":[null,null]},"_eventsCount":3,"_options":{"agents":{},"beforeRedirects":{},"headers":{"Accept":"application/json, text/plain, */*","Accept-Encoding":"gzip, compress, deflate, br","Content-Type":"application/json","User-Agent":"axios/1.9.0"},"hostname":"api.example.com","maxBodyLength":null,"maxRedirects":21,"method":"GET","nativeProtocols":{"http:":{"METHODS":["ACL","BIND","CHECKOUT","CONNECT","COPY","DELETE","GET","HEAD","LINK","LOCK","M-SEARCH","MERGE","MKACTIVITY","MKCALENDAR","MKCOL","MOVE","NOTIFY","OPTIONS","PATCH","POST","PROPFIND","PROPPATCH","PURGE","PUT","QUERY","REBIND","REPORT","SEARCH","SOURCE","SUBSCRIBE","TRACE","UNBIND","UNLINK","UNLOCK","UNSUBSCRIBE"],"STATUS_CODES":{"100":"Continue","101":"Switching Protocols","102":"Processing","103":"Early Hints","200":"OK","201":"Created","202":"Accepted","203":"Non-Authoritative Information","204":"No Content","205":"Reset Content","206":"Partial Content","207":"Multi-Status","208":"Already Reported","226":"IM Used","300":"Multiple Choices","301":"Moved Permanently","302":"Found","303":"See Other","304":"Not Modified","305":"Use Proxy","307":"Temporary Redirect","308":"Permanent Redirect","400":"Bad Request","401":"Unauthorized","402":"Payment Required","403":"Forbidden","404":"Not Found","405":"Method Not Allowed","406":"Not Acceptable","407":"Proxy Authentication Required","408":"Request Timeout","409":"Conflict","410":"Gone","411":"Length Required","412":"Precondition Failed","413":"Payload Too Large","414":"URI Too Long","415":"Unsupported Media Type","416":"Range Not Satisfiable","417":"Expectation Failed","418":"I'm a Teapot","421":"Misdirected Request","422":"Unprocessable Entity","423":"Locked","424":"Failed Dependency","425":"Too Early","426":"Upgrade Required","428":"Precondition Required","429":"Too Many Requests","431":"Request Header Fields Too Large","451":"Unavailable For Legal Reasons","500":"Internal Server Error","501":"Not Implemented","502":"Bad Gateway","503":"Service Unavailable","504":"Gateway Timeout","505":"HTTP Version Not Supported","506":"Variant Also Negotiates","507":"Insufficient Storage","508":"Loop Detected","509":"Bandwidth Limit Exceeded","510":"Not Extended","511":"Network Authentication Required"},"globalAgent":{"_events":{},"_eventsCount":2,"defaultPort":80,"freeSockets":{},"keepAlive":true,"keepAliveMsecs":1000,"maxFreeSockets":256,"maxSockets":null,"maxTotalSockets":null,"options":{"keepAlive":true,"noDelay":true,"path":null,"scheduling":"lifo","timeout":5000},"protocol":"http:","requests":{},"scheduling":"lifo","sockets":{},"totalSocketCount":0},"maxHeaderSize":16384},"https:":{"globalAgent":{"_events":{},"_eventsCount":2,"_sessionCache":{"list":[],"map":{}},"defaultPort":443,"freeSockets":{},"keepAlive":true,"keepAliveMsecs":1000,"maxCachedSessions":100,"maxFreeSockets":256,"maxSockets":null,"maxTotalSockets":null,"options":{"keepAlive":true,"noDelay":true,"path":null,"scheduling":"lifo","timeout":5000},"protocol":"https:","requests":{},"scheduling":"lifo","sockets":{"api.example.com:443:::::::::::::::::::::":[{"_SNICallback":null,"_closeAfterHandlingError":false,"_controlReleased":true,"_events":{"close":[null,null,null,null,null],"connect":[null,null,null],"end":[null,null],"timeout":[null,null,null]},"_eventsCount":11,"_hadError":true,"_host":"api.example.com","_httpMessage":{"_closed":false,"_contentLength":0,"_defaultKeepAlive":true,"_ended":false,"_events":{},"_eventsCount":7,"_hasBody":true,"_header":"GET /api/v1/invoices?startDate=2023-01-01&endDate=2023-12-31 HTTP/1.1\r\nAccept: application/json, text/plain, */*\r\nContent-Type: application/json\r\nUser-Agent: axios/1.9.0\r\nAccept-Encoding: gzip, compress, deflate, br\r\nHost: api.example.com\r\nConnection: keep-alive\r\n\r\n","_headerSent":true,"_keepAliveTimeout":0,"_last":true,"_redirectable":"[Circular]","_removedConnection":false,"_removedContLen":false,"_removedTE":false,"_trailer":"","aborted":false,"agent":"[Circular]","chunkedEncoding":false,"destroyed":false,"finished":true,"host":"api.example.com","maxHeadersCount":null,"maxRequestsOnConnectionReached":false,"method":"GET","outputData":[],"outputSize":0,"parser":null,"path":"/api/v1/invoices?startDate=2023-01-01&endDate=2023-12-31","protocol":"https:","res":null,"reusedSocket":false,"sendDate":false,"shouldKeepAlive":true,"strictContentLength":false,"upgradeOrConnect":false,"useChunkedEncodingByDefault":false,"writable":true},"_newSessionPending":false,"_parent":null,"_pendingData":"GET /api/v1/invoices?startDate=2023-01-01&endDate=2023-12-31 HTTP/1.1\r\nAccept: application/json, text/plain, */*\r\nContent-Type: application/json\r\nUser-Agent: axios/1.9.0\r\nAccept-Encoding: gzip, compress, deflate, br\r\nHost: api.example.com\r\nConnection: keep-alive\r\n\r\n","_pendingEncoding":"latin1","_readableState":{"awaitDrainWriters":null,"buffer":[],"bufferIndex":0,"highWaterMark":65536,"length":0,"pipes":[]},"_rejectUnauthorized":true,"_requestCert":true,"_secureEstablished":false,"_securePending":false,"_server":null,"_sockname":null,"_tlsOptions":{"isServer":false,"pipe":false,"rejectUnauthorized":true,"requestCert":true,"secureContext":{"context":{}}},"_writableState":{"bufferedIndex":0,"corked":0,"highWaterMark":65536,"length":266,"pendingcb":1,"writelen":266},"allowHalfOpen":false,"alpnProtocol":null,"authorizationError":null,"authorized":false,"connecting":false,"encrypted":true,"parser":null,"secureConnecting":true,"servername":null,"ssl":null,"timeout":30000}]},"totalSocketCount":1}}},"path":"/api/v1/invoices?startDate=2023-01-01&endDate=2023-12-31","pathname":"/api/v1/invoices","port":"","protocol":"https:","search":"?startDate=2023-01-01&endDate=2023-12-31"},"_redirectCount":0,"_redirects":[],"_requestBodyBuffers":[],"_requestBodyLength":0,"_timeout":null,"_writableState":{"bufferedIndex":0,"corked":0,"highWaterMark":65536,"length":0,"pendingcb":0,"writelen":0}},"service":"invoice-reconciliation","stack":"Error: getaddrinfo ENOTFOUND api.example.com\n    at AxiosError.from (file:///Users/ananya/Documents/asteris-automation/node_modules/axios/lib/core/AxiosError.js:92:14)\n    at RedirectableRequest.handleRequestError (file:///Users/ananya/Documents/asteris-automation/node_modules/axios/lib/adapters/http.js:620:25)\n    at RedirectableRequest.emit (node:events:519:35)\n    at eventHandlers.<computed> (/Users/ananya/Documents/asteris-automation/node_modules/follow-redirects/index.js:49:24)\n    at ClientRequest.emit (node:events:507:28)\n    at emitErrorEvent (node:_http_client:104:11)\n    at TLSSocket.socketErrorListener (node:_http_client:518:5)\n    at TLSSocket.emit (node:events:507:28)\n    at emitErrorNT (node:internal/streams/destroy:170:8)\n    at emitErrorCloseNT (node:internal/streams/destroy:129:3)\n    at Axios.request (file:///Users/ananya/Documents/asteris-automation/node_modules/axios/lib/core/Axios.js:45:41)\n    at process.processTicksAndRejections (node:internal/process/task_queues:105:5)\n    at async ApiClient.get (file:///Users/ananya/Documents/asteris-automation/backend/src/services/apiClient.ts:65:26)\n    at async InvoiceApiService.getInvoices (file:///Users/ananya/Documents/asteris-automation/backend/src/services/invoiceApiService.ts:21:20)\n    at async ApiReconciliationService.reconcileInvoices (file:///Users/ananya/Documents/asteris-automation/backend/src/services/apiReconciliationService.ts:9:30)\n    at async file:///Users/ananya/Documents/asteris-automation/backend/src/routes/reconciliation.routes.ts:76:24","syscall":"getaddrinfo","timestamp":"2025-06-07 05:11:50"}
{"level":"error","message":"Error during API-based reconciliation: Converting circular structure to JSON\n    --> starting at object with constructor 'Agent'\n    |     property 'sockets' -> object with constructor 'Object'\n    |     property 'api.example.com:443:::::::::::::::::::::' -> object with constructor 'Array'\n    |     ...\n    |     property '_httpMessage' -> object with constructor 'ClientRequest'\n    --- property 'agent' closes the circle","service":"invoice-reconciliation","stack":"TypeError: Converting circular structure to JSON\n    --> starting at object with constructor 'Agent'\n    |     property 'sockets' -> object with constructor 'Object'\n    |     property 'api.example.com:443:::::::::::::::::::::' -> object with constructor 'Array'\n    |     ...\n    |     property '_httpMessage' -> object with constructor 'ClientRequest'\n    --- property 'agent' closes the circle\n    at JSON.stringify (<anonymous>)\n    at Printf.template (file:///Users/ananya/Documents/asteris-automation/backend/src/utils/logger.ts:12:83)\n    at Printf.transform (/Users/ananya/Documents/asteris-automation/node_modules/logform/printf.js:11:26)\n    at Format.transform (/Users/ananya/Documents/asteris-automation/node_modules/logform/combine.js:20:24)\n    at Console._write (/Users/ananya/Documents/asteris-automation/node_modules/winston-transport/modern.js:91:33)\n    at doWrite (/Users/ananya/Documents/asteris-automation/node_modules/readable-stream/lib/_stream_writable.js:390:139)\n    at writeOrBuffer (/Users/ananya/Documents/asteris-automation/node_modules/readable-stream/lib/_stream_writable.js:381:5)\n    at Writable.write (/Users/ananya/Documents/asteris-automation/node_modules/readable-stream/lib/_stream_writable.js:302:11)\n    at DerivedLogger.ondata (/Users/ananya/Documents/asteris-automation/node_modules/readable-stream/lib/_stream_readable.js:629:20)\n    at DerivedLogger.emit (node:events:519:35)","timestamp":"2025-06-07 05:11:50"}
{"error":"Failed to reconcile invoices: Converting circular structure to JSON\n    --> starting at object with constructor 'Agent'\n    |     property 'sockets' -> object with constructor 'Object'\n    |     property 'api.example.com:443:::::::::::::::::::::' -> object with constructor 'Array'\n    |     ...\n    |     property '_httpMessage' -> object with constructor 'ClientRequest'\n    --- property 'agent' closes the circle","level":"error","message":"Error in API-based invoice reconciliation:","service":"invoice-reconciliation","timestamp":"2025-06-07 05:11:50"}
{"customerName":"all","endDate":"2023-12-31","level":"info","message":"Starting invoice reconciliation","service":"invoice-reconciliation","startDate":"2023-01-01","status":"all","timestamp":"2025-06-07 05:13:56"}
{"level":"info","message":"Fetching invoices from API: /api/v1/invoices","params":{"endDate":"2023-12-31","startDate":"2023-01-01"},"service":"invoice-reconciliation","timestamp":"2025-06-07 05:13:56"}
{"level":"info","message":"Fetched 2 invoices from API","service":"invoice-reconciliation","timestamp":"2025-06-07 05:13:56"}
{"level":"info","message":"Fetching unmatched payouts from API","params":{"endDate":"2023-12-31","startDate":"2023-01-01"},"service":"invoice-reconciliation","timestamp":"2025-06-07 05:13:56"}
{"level":"info","message":"Fetched 1 unmatched payouts from API","service":"invoice-reconciliation","timestamp":"2025-06-07 05:13:56"}
{"invoiceCount":2,"level":"info","matchedCount":2,"message":"Invoice reconciliation completed","processingTime":"1.21ms","service":"invoice-reconciliation","timestamp":"2025-06-07 05:13:56"}
{"customerName":"all","level":"info","matchThreshold":0.9,"message":"Starting invoice reconciliation","service":"invoice-reconciliation","status":"all","timestamp":"2025-06-07 05:20:28"}
{"level":"info","message":"Fetching invoices from API: /api/v1/invoices","params":{},"service":"invoice-reconciliation","timestamp":"2025-06-07 05:20:28"}
{"level":"info","message":"Fetched 2 invoices from API","service":"invoice-reconciliation","timestamp":"2025-06-07 05:20:28"}
{"level":"info","message":"Fetching unmatched payouts from API","params":{},"service":"invoice-reconciliation","timestamp":"2025-06-07 05:20:28"}
{"level":"info","message":"Fetched 1 unmatched payouts from API","service":"invoice-reconciliation","timestamp":"2025-06-07 05:20:28"}
{"invoiceCount":2,"level":"info","matchedCount":2,"message":"Invoice reconciliation completed","processingTime":"1.29ms","service":"invoice-reconciliation","timestamp":"2025-06-07 05:20:28"}
{"customerName":"all","level":"info","matchThreshold":0.9,"message":"Starting invoice reconciliation","service":"invoice-reconciliation","status":"all","timestamp":"2025-06-07 05:24:07"}
{"level":"info","message":"Fetching invoices from API: /api/v1/invoices","params":{},"service":"invoice-reconciliation","timestamp":"2025-06-07 05:24:07"}
{"level":"info","message":"Fetched 2 invoices from API","service":"invoice-reconciliation","timestamp":"2025-06-07 05:24:07"}
{"level":"info","message":"Fetching unmatched payouts from API","params":{},"service":"invoice-reconciliation","timestamp":"2025-06-07 05:24:07"}
{"level":"info","message":"Fetched 1 unmatched payouts from API","service":"invoice-reconciliation","timestamp":"2025-06-07 05:24:07"}
{"invoiceCount":2,"level":"info","matchedCount":2,"message":"Invoice reconciliation completed","processingTime":"2.14ms","service":"invoice-reconciliation","timestamp":"2025-06-07 05:24:07"}
{"customerName":"all","level":"info","matchThreshold":0.9,"message":"Starting invoice reconciliation","service":"invoice-reconciliation","status":"all","timestamp":"2025-06-07 05:56:37"}
{"level":"info","message":"Starting invoice reconciliation...","service":"invoice-reconciliation","timestamp":"2025-06-07 05:56:37"}
{"invoiceCount":0,"level":"info","matchedCount":0,"message":"Invoice reconciliation completed","processingTime":"739.47ms","service":"invoice-reconciliation","timestamp":"2025-06-07 05:56:37"}
{"customerName":"all","level":"info","message":"Starting invoice reconciliation","service":"invoice-reconciliation","status":"all","timestamp":"2025-06-07 06:02:14"}
{"level":"info","message":"Starting invoice reconciliation...","service":"invoice-reconciliation","timestamp":"2025-06-07 06:02:14"}
{"level":"info","message":"Fetching invoices and payouts from Stripe...","service":"invoice-reconciliation","timestamp":"2025-06-07 06:02:14"}
{"level":"info","message":"Fetching payouts from Stripe...","service":"invoice-reconciliation","timestamp":"2025-06-07 06:02:14"}
{"fetchLimit":100,"fetchedSoFar":0,"level":"debug","message":"Making request to Stripe API for payouts","service":"invoice-reconciliation","startingAfter":"none","timestamp":"2025-06-07 06:02:14"}
{"level":"info","message":"Fetched 1 invoices and 0 payouts","service":"invoice-reconciliation","timestamp":"2025-06-07 06:02:15"}
{"amount_paid":0,"created":1745390649,"customer_email":"test2@example.com","id":"in_1RGx2TLNq3d7iesZFRXUrxUC","level":"info","message":"Sample invoice:","service":"invoice-reconciliation","status":"draft","timestamp":"2025-06-07 06:02:15"}
{"level":"debug","message":"Skipping invoice in_1RGx2TLNq3d7iesZFRXUrxUC with status: draft","service":"invoice-reconciliation","timestamp":"2025-06-07 06:02:15"}
{"level":"info","message":"Found 0 paid invoices to reconcile","service":"invoice-reconciliation","timestamp":"2025-06-07 06:02:15"}
{"invoiceCount":0,"level":"info","matchedCount":0,"message":"Invoice reconciliation completed","processingTime":"518.20ms","service":"invoice-reconciliation","timestamp":"2025-06-07 06:02:15"}
{"customerName":"all","level":"info","matchThreshold":0.9,"message":"Starting invoice reconciliation","service":"invoice-reconciliation","status":"all","timestamp":"2025-06-07 06:13:02"}
{"level":"info","message":"Starting invoice reconciliation...","service":"invoice-reconciliation","timestamp":"2025-06-07 06:13:02"}
{"level":"info","message":"Fetching invoices and payouts from Stripe...","service":"invoice-reconciliation","timestamp":"2025-06-07 06:13:02"}
{"level":"info","message":"Fetching payouts from Stripe...","service":"invoice-reconciliation","timestamp":"2025-06-07 06:13:02"}
{"fetchLimit":100,"fetchedSoFar":0,"level":"debug","message":"Making request to Stripe API for payouts","service":"invoice-reconciliation","startingAfter":"none","timestamp":"2025-06-07 06:13:02"}
{"level":"info","message":"Fetched 1 invoices and 0 payouts","service":"invoice-reconciliation","timestamp":"2025-06-07 06:13:03"}
{"amount_paid":0,"created":1745390649,"customer_email":"test2@example.com","id":"in_1RGx2TLNq3d7iesZFRXUrxUC","level":"info","message":"Sample invoice:","service":"invoice-reconciliation","status":"draft","timestamp":"2025-06-07 06:13:03"}
{"level":"debug","message":"Skipping invoice in_1RGx2TLNq3d7iesZFRXUrxUC with status: draft","service":"invoice-reconciliation","timestamp":"2025-06-07 06:13:03"}
{"level":"info","message":"Found 0 paid invoices to reconcile","service":"invoice-reconciliation","timestamp":"2025-06-07 06:13:03"}
{"invoiceCount":0,"level":"info","matchedCount":0,"message":"Invoice reconciliation completed","processingTime":"595.60ms","service":"invoice-reconciliation","timestamp":"2025-06-07 06:13:03"}
{"customerName":"all","level":"info","matchThreshold":0.9,"message":"Starting invoice reconciliation","service":"invoice-reconciliation","status":"all","timestamp":"2025-06-07 06:13:43"}
{"level":"info","message":"Starting invoice reconciliation...","service":"invoice-reconciliation","timestamp":"2025-06-07 06:13:43"}
{"level":"info","message":"Fetching invoices and payouts from Stripe...","service":"invoice-reconciliation","timestamp":"2025-06-07 06:13:43"}
{"level":"info","message":"Fetching payouts from Stripe...","service":"invoice-reconciliation","timestamp":"2025-06-07 06:13:43"}
{"fetchLimit":100,"fetchedSoFar":0,"level":"debug","message":"Making request to Stripe API for payouts","service":"invoice-reconciliation","startingAfter":"none","timestamp":"2025-06-07 06:13:43"}
{"level":"info","message":"Fetched 1 invoices and 0 payouts","service":"invoice-reconciliation","timestamp":"2025-06-07 06:13:43"}
{"amount_paid":0,"created":1745390649,"customer_email":"test2@example.com","id":"in_1RGx2TLNq3d7iesZFRXUrxUC","level":"info","message":"Sample invoice:","service":"invoice-reconciliation","status":"draft","timestamp":"2025-06-07 06:13:43"}
{"level":"debug","message":"Skipping invoice in_1RGx2TLNq3d7iesZFRXUrxUC with status: draft","service":"invoice-reconciliation","timestamp":"2025-06-07 06:13:43"}
{"level":"info","message":"Found 0 paid invoices to reconcile","service":"invoice-reconciliation","timestamp":"2025-06-07 06:13:43"}
{"invoiceCount":0,"level":"info","matchedCount":0,"message":"Invoice reconciliation completed","processingTime":"367.09ms","service":"invoice-reconciliation","timestamp":"2025-06-07 06:13:43"}
{"customerName":"all","level":"info","matchThreshold":0.9,"message":"Starting invoice reconciliation","service":"invoice-reconciliation","status":"all","timestamp":"2025-06-07 09:52:07"}
{"level":"info","message":"Starting invoice reconciliation...","service":"invoice-reconciliation","timestamp":"2025-06-07 09:52:07"}
{"level":"info","message":"Fetching invoices and payouts from Stripe...","service":"invoice-reconciliation","timestamp":"2025-06-07 09:52:07"}
{"level":"info","message":"Fetching payouts from Stripe...","service":"invoice-reconciliation","timestamp":"2025-06-07 09:52:07"}
{"fetchLimit":100,"fetchedSoFar":0,"level":"debug","message":"Making request to Stripe API for payouts","service":"invoice-reconciliation","startingAfter":"none","timestamp":"2025-06-07 09:52:07"}
{"level":"info","message":"Fetched 1 invoices and 0 payouts","service":"invoice-reconciliation","timestamp":"2025-06-07 09:52:07"}
{"amount_paid":0,"created":1745390649,"customer_email":"test2@example.com","id":"in_1RGx2TLNq3d7iesZFRXUrxUC","level":"info","message":"Sample invoice:","service":"invoice-reconciliation","status":"draft","timestamp":"2025-06-07 09:52:07"}
{"level":"debug","message":"Skipping invoice in_1RGx2TLNq3d7iesZFRXUrxUC with status: draft","service":"invoice-reconciliation","timestamp":"2025-06-07 09:52:07"}
{"level":"info","message":"Found 0 paid invoices to reconcile","service":"invoice-reconciliation","timestamp":"2025-06-07 09:52:07"}
{"invoiceCount":0,"level":"info","matchedCount":0,"message":"Invoice reconciliation completed","processingTime":"567.20ms","service":"invoice-reconciliation","timestamp":"2025-06-07 09:52:07"}
{"customerName":"all","level":"info","matchThreshold":0.9,"message":"Starting invoice reconciliation","service":"invoice-reconciliation","status":"all","timestamp":"2025-06-07 10:11:33"}
{"level":"info","message":"Starting invoice reconciliation...","service":"invoice-reconciliation","timestamp":"2025-06-07 10:11:33"}
{"level":"info","message":"Fetching invoices and payouts from Stripe...","service":"invoice-reconciliation","timestamp":"2025-06-07 10:11:33"}
{"level":"info","message":"Fetching payouts from Stripe...","service":"invoice-reconciliation","timestamp":"2025-06-07 10:11:33"}
{"fetchLimit":100,"fetchedSoFar":0,"level":"debug","message":"Making request to Stripe API for payouts","service":"invoice-reconciliation","startingAfter":"none","timestamp":"2025-06-07 10:11:33"}
{"level":"info","message":"Fetched 1 invoices and 0 payouts","service":"invoice-reconciliation","timestamp":"2025-06-07 10:11:34"}
{"amount_paid":0,"created":1745390649,"customer_email":"test2@example.com","id":"in_1RGx2TLNq3d7iesZFRXUrxUC","level":"info","message":"Sample invoice:","service":"invoice-reconciliation","status":"draft","timestamp":"2025-06-07 10:11:34"}
{"level":"debug","message":"Skipping invoice in_1RGx2TLNq3d7iesZFRXUrxUC with status: draft","service":"invoice-reconciliation","timestamp":"2025-06-07 10:11:34"}
{"level":"info","message":"Found 0 paid invoices to reconcile","service":"invoice-reconciliation","timestamp":"2025-06-07 10:11:34"}
{"invoiceCount":0,"level":"info","matchedCount":0,"message":"Invoice reconciliation completed","processingTime":"941.05ms","service":"invoice-reconciliation","timestamp":"2025-06-07 10:11:34"}
{"customerName":"all","level":"info","matchThreshold":0.9,"message":"Starting invoice reconciliation","service":"invoice-reconciliation","status":"all","timestamp":"2025-06-07 10:13:24"}
{"level":"info","message":"Starting invoice reconciliation...","service":"invoice-reconciliation","timestamp":"2025-06-07 10:13:24"}
{"level":"info","message":"Fetching invoices and payouts from Stripe...","service":"invoice-reconciliation","timestamp":"2025-06-07 10:13:24"}
{"level":"info","message":"Fetching payouts from Stripe...","service":"invoice-reconciliation","timestamp":"2025-06-07 10:13:24"}
{"fetchLimit":100,"fetchedSoFar":0,"level":"debug","message":"Making request to Stripe API for payouts","service":"invoice-reconciliation","startingAfter":"none","timestamp":"2025-06-07 10:13:24"}
{"level":"info","message":"Fetched 1 invoices and 0 payouts","service":"invoice-reconciliation","timestamp":"2025-06-07 10:13:24"}
{"amount_paid":0,"created":1745390649,"customer_email":"test2@example.com","id":"in_1RGx2TLNq3d7iesZFRXUrxUC","level":"info","message":"Sample invoice:","service":"invoice-reconciliation","status":"draft","timestamp":"2025-06-07 10:13:24"}
{"level":"debug","message":"Skipping invoice in_1RGx2TLNq3d7iesZFRXUrxUC with status: draft","service":"invoice-reconciliation","timestamp":"2025-06-07 10:13:24"}
{"level":"info","message":"Found 0 paid invoices to reconcile","service":"invoice-reconciliation","timestamp":"2025-06-07 10:13:24"}
{"invoiceCount":0,"level":"info","matchedCount":0,"message":"Invoice reconciliation completed","processingTime":"538.23ms","service":"invoice-reconciliation","timestamp":"2025-06-07 10:13:24"}
{"customerName":"all","endDate":"2025-06-07","level":"info","matchThreshold":0.85,"message":"Starting invoice reconciliation","service":"invoice-reconciliation","startDate":"2020-01-01","status":"all","timestamp":"2025-06-07 10:22:23"}
{"level":"info","message":"Starting invoice reconciliation...","service":"invoice-reconciliation","timestamp":"2025-06-07 10:22:23"}
{"level":"info","message":"Fetching invoices and payouts from Stripe...","service":"invoice-reconciliation","timestamp":"2025-06-07 10:22:23"}
{"level":"info","message":"Fetching payouts from Stripe...","service":"invoice-reconciliation","timestamp":"2025-06-07 10:22:23"}
{"fetchLimit":100,"fetchedSoFar":0,"level":"debug","message":"Making request to Stripe API for payouts","service":"invoice-reconciliation","startingAfter":"none","timestamp":"2025-06-07 10:22:23"}
{"level":"info","message":"Fetched 1 invoices and 0 payouts","service":"invoice-reconciliation","timestamp":"2025-06-07 10:22:23"}
{"amount_paid":0,"created":1745390649,"customer_email":"test2@example.com","id":"in_1RGx2TLNq3d7iesZFRXUrxUC","level":"info","message":"Sample invoice:","service":"invoice-reconciliation","status":"draft","timestamp":"2025-06-07 10:22:23"}
{"level":"debug","message":"Skipping invoice in_1RGx2TLNq3d7iesZFRXUrxUC with status: draft","service":"invoice-reconciliation","timestamp":"2025-06-07 10:22:23"}
{"level":"info","message":"Found 0 paid invoices to reconcile","service":"invoice-reconciliation","timestamp":"2025-06-07 10:22:23"}
{"invoiceCount":0,"level":"info","matchedCount":0,"message":"Invoice reconciliation completed","processingTime":"569.67ms","service":"invoice-reconciliation","timestamp":"2025-06-07 10:22:23"}
{"customerName":"all","endDate":"2025-06-07","level":"info","matchThreshold":0.85,"message":"Starting invoice reconciliation","service":"invoice-reconciliation","startDate":"2020-01-01","status":"all","timestamp":"2025-06-07 10:24:01"}
{"level":"info","message":"Starting invoice reconciliation...","service":"invoice-reconciliation","timestamp":"2025-06-07 10:24:01"}
{"level":"info","message":"Fetching invoices and payouts from Stripe...","service":"invoice-reconciliation","timestamp":"2025-06-07 10:24:01"}
{"level":"info","message":"Fetching payouts from Stripe...","service":"invoice-reconciliation","timestamp":"2025-06-07 10:24:01"}
{"fetchLimit":100,"fetchedSoFar":0,"level":"debug","message":"Making request to Stripe API for payouts","service":"invoice-reconciliation","startingAfter":"none","timestamp":"2025-06-07 10:24:01"}
{"level":"info","message":"Fetched 1 invoices and 0 payouts","service":"invoice-reconciliation","timestamp":"2025-06-07 10:24:01"}
{"amount_paid":0,"created":1745390649,"customer_email":"test2@example.com","id":"in_1RGx2TLNq3d7iesZFRXUrxUC","level":"info","message":"Sample invoice:","service":"invoice-reconciliation","status":"draft","timestamp":"2025-06-07 10:24:01"}
{"level":"debug","message":"Skipping invoice in_1RGx2TLNq3d7iesZFRXUrxUC with status: draft","service":"invoice-reconciliation","timestamp":"2025-06-07 10:24:01"}
{"level":"info","message":"Found 0 paid invoices to reconcile","service":"invoice-reconciliation","timestamp":"2025-06-07 10:24:01"}
{"invoiceCount":0,"level":"info","matchedCount":0,"message":"Invoice reconciliation completed","processingTime":"547.83ms","service":"invoice-reconciliation","timestamp":"2025-06-07 10:24:01"}
{"customerName":"all","level":"info","matchThreshold":0.9,"message":"Starting invoice reconciliation","service":"invoice-reconciliation","status":"all","timestamp":"2025-06-07 11:36:25"}
{"level":"info","message":"Starting invoice reconciliation...","service":"invoice-reconciliation","timestamp":"2025-06-07 11:36:25"}
{"level":"info","message":"Fetching invoices and payouts from Stripe...","service":"invoice-reconciliation","timestamp":"2025-06-07 11:36:25"}
{"level":"info","message":"Fetching payouts from Stripe...","service":"invoice-reconciliation","timestamp":"2025-06-07 11:36:25"}
{"fetchLimit":100,"fetchedSoFar":0,"level":"debug","message":"Making request to Stripe API for payouts","service":"invoice-reconciliation","startingAfter":"none","timestamp":"2025-06-07 11:36:25"}
{"level":"info","message":"Fetched 1 invoices and 0 payouts","service":"invoice-reconciliation","timestamp":"2025-06-07 11:36:26"}
{"amount_paid":0,"created":1745390649,"customer_email":"test2@example.com","id":"in_1RGx2TLNq3d7iesZFRXUrxUC","level":"info","message":"Sample invoice:","service":"invoice-reconciliation","status":"draft","timestamp":"2025-06-07 11:36:26"}
{"level":"debug","message":"Skipping invoice in_1RGx2TLNq3d7iesZFRXUrxUC with status: draft","service":"invoice-reconciliation","timestamp":"2025-06-07 11:36:26"}
{"level":"info","message":"Found 0 paid invoices to reconcile","service":"invoice-reconciliation","timestamp":"2025-06-07 11:36:26"}
{"invoiceCount":0,"level":"info","matchedCount":0,"message":"Invoice reconciliation completed","processingTime":"880.81ms","service":"invoice-reconciliation","timestamp":"2025-06-07 11:36:26"}
{"customerName":"all","level":"info","matchThreshold":0.9,"message":"Starting invoice reconciliation","service":"invoice-reconciliation","status":"all","timestamp":"2025-06-07 11:40:44"}
{"level":"info","message":"Starting invoice reconciliation...","service":"invoice-reconciliation","timestamp":"2025-06-07 11:40:44"}
{"level":"info","message":"Fetching invoices and payouts from Stripe...","service":"invoice-reconciliation","timestamp":"2025-06-07 11:40:44"}
{"level":"info","message":"Fetching payouts from Stripe...","service":"invoice-reconciliation","timestamp":"2025-06-07 11:40:44"}
{"fetchLimit":100,"fetchedSoFar":0,"level":"debug","message":"Making request to Stripe API for payouts","service":"invoice-reconciliation","startingAfter":"none","timestamp":"2025-06-07 11:40:44"}
{"level":"info","message":"Fetched 1 invoices and 0 payouts","service":"invoice-reconciliation","timestamp":"2025-06-07 11:40:45"}
{"amount_paid":0,"created":1745390649,"customer_email":"test2@example.com","id":"in_1RGx2TLNq3d7iesZFRXUrxUC","level":"info","message":"Sample invoice:","service":"invoice-reconciliation","status":"draft","timestamp":"2025-06-07 11:40:45"}
{"level":"debug","message":"Skipping invoice in_1RGx2TLNq3d7iesZFRXUrxUC with status: draft","service":"invoice-reconciliation","timestamp":"2025-06-07 11:40:45"}
{"level":"info","message":"Found 0 paid invoices to reconcile","service":"invoice-reconciliation","timestamp":"2025-06-07 11:40:45"}
{"invoiceCount":0,"level":"info","matchedCount":0,"message":"Invoice reconciliation completed","processingTime":"539.25ms","service":"invoice-reconciliation","timestamp":"2025-06-07 11:40:45"}
{"customerName":"all","level":"info","matchThreshold":0.9,"message":"Starting invoice reconciliation","service":"invoice-reconciliation","status":"all","timestamp":"2025-06-07 12:42:46"}
{"level":"info","message":"Starting invoice reconciliation...","service":"invoice-reconciliation","timestamp":"2025-06-07 12:42:46"}
{"level":"info","message":"Fetching invoices and payouts from Stripe...","service":"invoice-reconciliation","timestamp":"2025-06-07 12:42:46"}
{"level":"info","message":"Fetching payouts from Stripe...","service":"invoice-reconciliation","timestamp":"2025-06-07 12:42:46"}
{"fetchLimit":100,"fetchedSoFar":0,"level":"debug","message":"Making request to Stripe API for payouts","service":"invoice-reconciliation","startingAfter":"none","timestamp":"2025-06-07 12:42:46"}
{"level":"info","message":"Fetched 1 invoices and 0 payouts","service":"invoice-reconciliation","timestamp":"2025-06-07 12:42:47"}
{"amount_paid":0,"created":1745390649,"customer_email":"test2@example.com","id":"in_1RGx2TLNq3d7iesZFRXUrxUC","level":"info","message":"Sample invoice:","service":"invoice-reconciliation","status":"draft","timestamp":"2025-06-07 12:42:47"}
{"level":"debug","message":"Skipping invoice in_1RGx2TLNq3d7iesZFRXUrxUC with status: draft","service":"invoice-reconciliation","timestamp":"2025-06-07 12:42:47"}
{"level":"info","message":"Found 0 paid invoices to reconcile","service":"invoice-reconciliation","timestamp":"2025-06-07 12:42:47"}
{"invoiceCount":0,"level":"info","matchedCount":0,"message":"Invoice reconciliation completed","processingTime":"992.45ms","service":"invoice-reconciliation","timestamp":"2025-06-07 12:42:47"}
{"customerName":"all","level":"info","matchThreshold":0.9,"message":"Starting invoice reconciliation","service":"invoice-reconciliation","status":"all","timestamp":"2025-06-07 12:45:24"}
{"level":"info","message":"Starting invoice reconciliation...","service":"invoice-reconciliation","timestamp":"2025-06-07 12:45:24"}
{"level":"info","message":"Fetching invoices and payouts from Stripe...","service":"invoice-reconciliation","timestamp":"2025-06-07 12:45:24"}
{"level":"info","message":"Fetching payouts from Stripe...","service":"invoice-reconciliation","timestamp":"2025-06-07 12:45:24"}
{"fetchLimit":100,"fetchedSoFar":0,"level":"debug","message":"Making request to Stripe API for payouts","service":"invoice-reconciliation","startingAfter":"none","timestamp":"2025-06-07 12:45:24"}
{"level":"info","message":"Fetched 1 invoices and 0 payouts","service":"invoice-reconciliation","timestamp":"2025-06-07 12:45:24"}
{"amount_paid":0,"created":1745390649,"customer_email":"test2@example.com","id":"in_1RGx2TLNq3d7iesZFRXUrxUC","level":"info","message":"Sample invoice:","service":"invoice-reconciliation","status":"draft","timestamp":"2025-06-07 12:45:24"}
{"level":"debug","message":"Skipping invoice in_1RGx2TLNq3d7iesZFRXUrxUC with status: draft","service":"invoice-reconciliation","timestamp":"2025-06-07 12:45:24"}
{"level":"info","message":"Found 0 paid invoices to reconcile","service":"invoice-reconciliation","timestamp":"2025-06-07 12:45:24"}
{"invoiceCount":0,"level":"info","matchedCount":0,"message":"Invoice reconciliation completed","processingTime":"541.36ms","service":"invoice-reconciliation","timestamp":"2025-06-07 12:45:24"}
